<?xml version="1.0" encoding="UTF-8"?>
<!-- Generated by org.testng.reporters.JUnitXMLReporter -->
<testsuite hostname="Siva" ignored="0" name="Test" tests="1" failures="1" timestamp="12 Feb 2017 13:21:53 GMT" time="26.289" errors="0">
  <testcase name="searchText" time="6.231" classname="com.testng.yahoo.YahooTest.YahooTestRunner">
    <failure type="java.lang.AssertionError" message="expected [test tube baby] but found [testing]">
      <![CDATA[java.lang.AssertionError: expected [test tube baby] but found [testing]
	at com.testng.yahoo.YahooTest.YahooTestRunner.searchText(YahooTestRunner.java:45)
... Removed 34 stack frames]]>
    </failure>
  </testcase> <!-- searchText -->
</testsuite> <!-- Test -->
