<?xml version="1.0" encoding="UTF-8"?>
<testng-results skipped="0" failed="0" ignored="0" total="2" passed="2">
  <reporter-output>
  </reporter-output>
  <suite name="Suite" duration-ms="73225" started-at="2017-02-12T13:49:02Z" finished-at="2017-02-12T13:50:15Z">
    <groups>
    </groups>
    <test name="TestFirefox" duration-ms="51658" started-at="2017-02-12T13:49:02Z" finished-at="2017-02-12T13:49:54Z">
      <class name="com.testng.yahoo.YahooTest.YahooTestRunner">
        <test-method status="PASS" signature="beforesuite()[pri:0, instance:com.testng.yahoo.YahooTest.YahooTestRunner@2acf57e3]" name="beforesuite" is-config="true" duration-ms="16" started-at="2017-02-12T19:19:02Z" finished-at="2017-02-12T19:19:02Z">
          <reporter-output>
          </reporter-output>
        </test-method> <!-- beforesuite -->
        <test-method status="PASS" signature="preConditions(java.lang.String, java.lang.String)[pri:0, instance:com.testng.yahoo.YahooTest.YahooTestRunner@2acf57e3]" name="preConditions" is-config="true" duration-ms="46413" started-at="2017-02-12T19:19:02Z" finished-at="2017-02-12T19:19:48Z">
          <params>
            <param index="0">
              <value>
                <![CDATA[firefox]]>
              </value>
            </param>
            <param index="1">
              <value>
                <![CDATA[https://in.yahoo.com/?p=us]]>
              </value>
            </param>
          </params>
          <reporter-output>
          </reporter-output>
        </test-method> <!-- preConditions -->
        <test-method status="PASS" signature="searchText()[pri:0, instance:com.testng.yahoo.YahooTest.YahooTestRunner@2acf57e3]" name="searchText" duration-ms="3382" started-at="2017-02-12T19:19:48Z" finished-at="2017-02-12T19:19:52Z">
          <reporter-output>
          </reporter-output>
        </test-method> <!-- searchText -->
        <test-method status="PASS" signature="postConditions()[pri:0, instance:com.testng.yahoo.YahooTest.YahooTestRunner@2acf57e3]" name="postConditions" is-config="true" duration-ms="1826" started-at="2017-02-12T19:19:52Z" finished-at="2017-02-12T19:19:54Z">
          <reporter-output>
          </reporter-output>
        </test-method> <!-- postConditions -->
        <test-method status="PASS" signature="aftersuite()[pri:0, instance:com.testng.yahoo.YahooTest.YahooTestRunner@2acf57e3]" name="aftersuite" is-config="true" duration-ms="0" started-at="2017-02-12T19:20:15Z" finished-at="2017-02-12T19:20:15Z">
          <reporter-output>
          </reporter-output>
        </test-method> <!-- aftersuite -->
      </class> <!-- com.testng.yahoo.YahooTest.YahooTestRunner -->
    </test> <!-- TestFirefox -->
    <test name="TestChrome" duration-ms="73225" started-at="2017-02-12T13:49:02Z" finished-at="2017-02-12T13:50:15Z">
      <class name="com.testng.yahoo.YahooTest.YahooTestRunner">
        <test-method status="PASS" signature="preConditions(java.lang.String, java.lang.String)[pri:0, instance:com.testng.yahoo.YahooTest.YahooTestRunner@7a79be86]" name="preConditions" is-config="true" duration-ms="68753" started-at="2017-02-12T19:19:02Z" finished-at="2017-02-12T19:20:11Z">
          <params>
            <param index="0">
              <value>
                <![CDATA[chrome]]>
              </value>
            </param>
            <param index="1">
              <value>
                <![CDATA[https://in.yahoo.com/?p=us]]>
              </value>
            </param>
          </params>
          <reporter-output>
          </reporter-output>
        </test-method> <!-- preConditions -->
        <test-method status="PASS" signature="searchText()[pri:0, instance:com.testng.yahoo.YahooTest.YahooTestRunner@7a79be86]" name="searchText" duration-ms="3431" started-at="2017-02-12T19:20:11Z" finished-at="2017-02-12T19:20:14Z">
          <reporter-output>
          </reporter-output>
        </test-method> <!-- searchText -->
        <test-method status="PASS" signature="postConditions()[pri:0, instance:com.testng.yahoo.YahooTest.YahooTestRunner@7a79be86]" name="postConditions" is-config="true" duration-ms="1010" started-at="2017-02-12T19:20:14Z" finished-at="2017-02-12T19:20:15Z">
          <reporter-output>
          </reporter-output>
        </test-method> <!-- postConditions -->
      </class> <!-- com.testng.yahoo.YahooTest.YahooTestRunner -->
    </test> <!-- TestChrome -->
  </suite> <!-- Suite -->
</testng-results>
